TN:
SF:C:\Users\mwmai\Desktop\web_dev\smart_contracts\solidity_first_project\contracts\Lock.sol
FN:13,constructor
FN:23,withdraw
FNF:2
FNH:2
FNDA:4,constructor
FNDA:5,withdraw
DA:14,4
DA:19,3
DA:20,3
DA:27,5
DA:28,4
DA:30,3
DA:32,3
LF:7
LH:7
BRDA:14,1,0,3
BRDA:14,1,1,1
BRDA:27,2,0,4
BRDA:27,2,1,1
BRDA:28,3,0,3
BRDA:28,3,1,1
BRF:6
BRH:6
end_of_record
TN:
SF:C:\Users\mwmai\Desktop\web_dev\smart_contracts\solidity_first_project\contracts\MyContract.sol
FN:5,constructor
FN:8,changeName
FN:11,getName
FNF:3
FNH:3
FNDA:6,constructor
FNDA:1,changeName
FNDA:2,getName
DA:6,6
DA:9,1
DA:13,2
LF:3
LH:3
BRF:0
BRH:0
end_of_record
